[debug] [2021-12-25T18:09:23.420Z] ----------------------------------------------------------------------
[debug] [2021-12-25T18:09:23.424Z] Command:       C:\Program Files (x86)\nodejs\node.exe C:\Users\allan gaiteiro\AppData\Roaming\npm\node_modules\firebase-tools\lib\bin\firebase.js emulators:start --only functions
[debug] [2021-12-25T18:09:23.425Z] CLI Version:   10.0.1
[debug] [2021-12-25T18:09:23.426Z] Platform:      win32
[debug] [2021-12-25T18:09:23.426Z] Node Version:  v16.13.1
[debug] [2021-12-25T18:09:23.427Z] Time:          Sat Dec 25 2021 15:09:23 GMT-0300 (Horário Padrão de Brasília)
[debug] [2021-12-25T18:09:23.428Z] ----------------------------------------------------------------------
[debug] 
[debug] [2021-12-25T18:09:23.530Z] > command requires scopes: ["email","openid","https://www.googleapis.com/auth/cloudplatformprojects.readonly","https://www.googleapis.com/auth/firebase","https://www.googleapis.com/auth/cloud-platform"]
[debug] [2021-12-25T18:09:23.531Z] > authorizing via signed-in user (gaiteirodeveloper@gmail.com)
[info] i  emulators: Starting emulators: functions {"metadata":{"emulator":{"name":"hub"},"message":"Starting emulators: functions"}}
[debug] [2021-12-25T18:09:23.569Z] [hub] writing locator at C:\Users\ALLANG~1\AppData\Local\Temp\hub-tbn-staging.json
[warn] !  functions: The following emulators are not running, calls to these services from the Functions emulator will affect production: auth, firestore, database, hosting, pubsub, storage {"metadata":{"emulator":{"name":"functions"},"message":"The following emulators are not running, calls to these services from the Functions emulator will affect production: \u001b[1mauth, firestore, database, hosting, pubsub, storage\u001b[22m"}}
[info] +  functions: Using node@16 from host. {"metadata":{"emulator":{"name":"functions"},"message":"Using node@16 from host."}}
[debug] [2021-12-25T18:09:23.639Z] defaultcredentials: writing to file C:\Users\allan gaiteiro\AppData\Roaming\firebase\gaiteirodeveloper_gmail_com_application_default_credentials.json
[debug] [2021-12-25T18:09:23.643Z] Setting GAC to C:\Users\allan gaiteiro\AppData\Roaming\firebase\gaiteirodeveloper_gmail_com_application_default_credentials.json {"metadata":{"emulator":{"name":"functions"},"message":"Setting GAC to C:\\Users\\allan gaiteiro\\AppData\\Roaming\\firebase\\gaiteirodeveloper_gmail_com_application_default_credentials.json"}}
[debug] [2021-12-25T18:09:23.649Z] >>> [apiv2][query] GET https://firebase.googleapis.com/v1beta1/projects/tbn-staging/adminSdkConfig [none]
[debug] [2021-12-25T18:09:24.037Z] <<< [apiv2][status] GET https://firebase.googleapis.com/v1beta1/projects/tbn-staging/adminSdkConfig 200
[debug] [2021-12-25T18:09:24.037Z] <<< [apiv2][body] GET https://firebase.googleapis.com/v1beta1/projects/tbn-staging/adminSdkConfig {"projectId":"tbn-staging","storageBucket":"tbn-staging.appspot.com"}
[debug] [2021-12-25T18:09:24.072Z] Ignoring unsupported arg: auto_download {"metadata":{"emulator":{"name":"ui"},"message":"Ignoring unsupported arg: auto_download"}}
[debug] [2021-12-25T18:09:24.072Z] Ignoring unsupported arg: port {"metadata":{"emulator":{"name":"ui"},"message":"Ignoring unsupported arg: port"}}
[debug] [2021-12-25T18:09:24.072Z] Starting Emulator UI with command {"binary":"node","args":["C:\\Users\\allan gaiteiro\\.cache\\firebase\\emulators\\ui-v1.6.4\\server.bundle.js"],"optionalArgs":[],"joinArgs":false} {"metadata":{"emulator":{"name":"ui"},"message":"Starting Emulator UI with command {\"binary\":\"node\",\"args\":[\"C:\\\\Users\\\\allan gaiteiro\\\\.cache\\\\firebase\\\\emulators\\\\ui-v1.6.4\\\\server.bundle.js\"],\"optionalArgs\":[],\"joinArgs\":false}"}}
[info] i  ui: Emulator UI logging to ui-debug.log {"metadata":{"emulator":{"name":"ui"},"message":"Emulator UI logging to \u001b[1mui-debug.log\u001b[22m"}}
[debug] [2021-12-25T18:09:24.277Z] Web / API server started at localhost:4000
 {"metadata":{"emulator":{"name":"ui"},"message":"Web / API server started at localhost:4000\n"}}
[info] i  functions: Watching "C:\Users\allan gaiteiro\GitHub\tbn-web\functions" for Cloud Functions... {"metadata":{"emulator":{"name":"functions"},"message":"Watching \"C:\\Users\\allan gaiteiro\\GitHub\\tbn-web\\functions\" for Cloud Functions..."}}
[debug] [2021-12-25T18:09:24.408Z] [worker-pool] addWorker(~diagnostic~) {"metadata":{"emulator":{"name":"functions"},"message":"[worker-pool] addWorker(~diagnostic~)"}}
[debug] [2021-12-25T18:09:24.408Z] [worker-pool] Adding worker with key ~diagnostic~, total=1 {"metadata":{"emulator":{"name":"functions"},"message":"[worker-pool] Adding worker with key ~diagnostic~, total=1"}}
[debug] [2021-12-25T18:09:24.409Z] [worker-pool] submitWork(triggerId=) {"metadata":{"emulator":{"name":"functions"},"message":"[worker-pool] submitWork(triggerId=)"}}
[debug] [2021-12-25T18:09:24.410Z] [worker-~diagnostic~-e3a55272-f182-44ae-8d8f-ff6e235fa7d7]: Assigning socketPath: \\?\pipe\C:\Users\allan gaiteiro\GitHub\tbn-web\functions\4448 {"metadata":{"emulator":{"name":"functions"},"message":"[worker-~diagnostic~-e3a55272-f182-44ae-8d8f-ff6e235fa7d7]: Assigning socketPath: \\\\?\\pipe\\C:\\Users\\allan gaiteiro\\GitHub\\tbn-web\\functions\\4448"}}
[debug] [2021-12-25T18:09:24.411Z] [worker-~diagnostic~-e3a55272-f182-44ae-8d8f-ff6e235fa7d7]: BUSY {"metadata":{"emulator":{"name":"functions"},"message":"[worker-~diagnostic~-e3a55272-f182-44ae-8d8f-ff6e235fa7d7]: BUSY"}}
[debug] [2021-12-25T18:09:24.827Z] [runtime-status] [4448] Functions runtime initialized. {"cwd":"C:\\Users\\allan gaiteiro\\GitHub\\tbn-web\\functions","node_version":"16.13.1"} {"metadata":{"emulator":{"name":"functions"},"message":"[runtime-status] [4448] Functions runtime initialized. {\"cwd\":\"C:\\\\Users\\\\allan gaiteiro\\\\GitHub\\\\tbn-web\\\\functions\",\"node_version\":\"16.13.1\"}"}}
[debug] [2021-12-25T18:09:24.828Z] [runtime-status] [4448] Disabled runtime features: undefined {"metadata":{"emulator":{"name":"functions"},"message":"[runtime-status] [4448] Disabled runtime features: undefined"}}
[debug] [2021-12-25T18:09:24.834Z] [runtime-status] [4448] Resolved module firebase-admin {"declared":true,"installed":true,"version":"9.12.0","resolution":"C:\\Users\\allan gaiteiro\\GitHub\\tbn-web\\functions\\node_modules\\firebase-admin\\lib\\index.js"} {"metadata":{"emulator":{"name":"functions"},"message":"[runtime-status] [4448] Resolved module firebase-admin {\"declared\":true,\"installed\":true,\"version\":\"9.12.0\",\"resolution\":\"C:\\\\Users\\\\allan gaiteiro\\\\GitHub\\\\tbn-web\\\\functions\\\\node_modules\\\\firebase-admin\\\\lib\\\\index.js\"}"}}
[debug] [2021-12-25T18:09:24.839Z] [runtime-status] [4448] Resolved module firebase-functions {"declared":true,"installed":true,"version":"3.16.0","resolution":"C:\\Users\\allan gaiteiro\\GitHub\\tbn-web\\functions\\node_modules\\firebase-functions\\lib\\index.js"} {"metadata":{"emulator":{"name":"functions"},"message":"[runtime-status] [4448] Resolved module firebase-functions {\"declared\":true,\"installed\":true,\"version\":\"3.16.0\",\"resolution\":\"C:\\\\Users\\\\allan gaiteiro\\\\GitHub\\\\tbn-web\\\\functions\\\\node_modules\\\\firebase-functions\\\\lib\\\\index.js\"}"}}
[debug] [2021-12-25T18:09:24.842Z] [runtime-status] [4448] Outgoing network have been stubbed. [{"name":"http","status":"mocked"},{"name":"http","status":"mocked"},{"name":"https","status":"mocked"},{"name":"https","status":"mocked"},{"name":"net","status":"mocked"}] {"metadata":{"emulator":{"name":"functions"},"message":"[runtime-status] [4448] Outgoing network have been stubbed. [{\"name\":\"http\",\"status\":\"mocked\"},{\"name\":\"http\",\"status\":\"mocked\"},{\"name\":\"https\",\"status\":\"mocked\"},{\"name\":\"https\",\"status\":\"mocked\"},{\"name\":\"net\",\"status\":\"mocked\"}]"}}
[debug] [2021-12-25T18:09:24.845Z] [runtime-status] [4448] Resolved module firebase-functions {"declared":true,"installed":true,"version":"3.16.0","resolution":"C:\\Users\\allan gaiteiro\\GitHub\\tbn-web\\functions\\node_modules\\firebase-functions\\lib\\index.js"} {"metadata":{"emulator":{"name":"functions"},"message":"[runtime-status] [4448] Resolved module firebase-functions {\"declared\":true,\"installed\":true,\"version\":\"3.16.0\",\"resolution\":\"C:\\\\Users\\\\allan gaiteiro\\\\GitHub\\\\tbn-web\\\\functions\\\\node_modules\\\\firebase-functions\\\\lib\\\\index.js\"}"}}
[debug] [2021-12-25T18:09:24.924Z] [runtime-status] [4448] Checked functions.config() {"config":{}} {"metadata":{"emulator":{"name":"functions"},"message":"[runtime-status] [4448] Checked functions.config() {\"config\":{}}"}}
[debug] [2021-12-25T18:09:24.924Z] [runtime-status] [4448] firebase-functions has been stubbed. {"functionsResolution":{"declared":true,"installed":true,"version":"3.16.0","resolution":"C:\\Users\\allan gaiteiro\\GitHub\\tbn-web\\functions\\node_modules\\firebase-functions\\lib\\index.js"}} {"metadata":{"emulator":{"name":"functions"},"message":"[runtime-status] [4448] firebase-functions has been stubbed. {\"functionsResolution\":{\"declared\":true,\"installed\":true,\"version\":\"3.16.0\",\"resolution\":\"C:\\\\Users\\\\allan gaiteiro\\\\GitHub\\\\tbn-web\\\\functions\\\\node_modules\\\\firebase-functions\\\\lib\\\\index.js\"}}"}}
[debug] [2021-12-25T18:09:24.926Z] [runtime-status] [4448] Resolved module firebase-functions {"declared":true,"installed":true,"version":"3.16.0","resolution":"C:\\Users\\allan gaiteiro\\GitHub\\tbn-web\\functions\\node_modules\\firebase-functions\\lib\\index.js"} {"metadata":{"emulator":{"name":"functions"},"message":"[runtime-status] [4448] Resolved module firebase-functions {\"declared\":true,\"installed\":true,\"version\":\"3.16.0\",\"resolution\":\"C:\\\\Users\\\\allan gaiteiro\\\\GitHub\\\\tbn-web\\\\functions\\\\node_modules\\\\firebase-functions\\\\lib\\\\index.js\"}"}}
[debug] [2021-12-25T18:09:24.928Z] [runtime-status] [4448] Resolved module firebase-admin {"declared":true,"installed":true,"version":"9.12.0","resolution":"C:\\Users\\allan gaiteiro\\GitHub\\tbn-web\\functions\\node_modules\\firebase-admin\\lib\\index.js"} {"metadata":{"emulator":{"name":"functions"},"message":"[runtime-status] [4448] Resolved module firebase-admin {\"declared\":true,\"installed\":true,\"version\":\"9.12.0\",\"resolution\":\"C:\\\\Users\\\\allan gaiteiro\\\\GitHub\\\\tbn-web\\\\functions\\\\node_modules\\\\firebase-admin\\\\lib\\\\index.js\"}"}}
[debug] [2021-12-25T18:09:24.930Z] [runtime-status] [4448] Resolved module firebase-functions {"declared":true,"installed":true,"version":"3.16.0","resolution":"C:\\Users\\allan gaiteiro\\GitHub\\tbn-web\\functions\\node_modules\\firebase-functions\\lib\\index.js"} {"metadata":{"emulator":{"name":"functions"},"message":"[runtime-status] [4448] Resolved module firebase-functions {\"declared\":true,\"installed\":true,\"version\":\"3.16.0\",\"resolution\":\"C:\\\\Users\\\\allan gaiteiro\\\\GitHub\\\\tbn-web\\\\functions\\\\node_modules\\\\firebase-functions\\\\lib\\\\index.js\"}"}}
[debug] [2021-12-25T18:09:24.930Z] [runtime-status] [4448] firebase-admin has been stubbed. {"adminResolution":{"declared":true,"installed":true,"version":"9.12.0","resolution":"C:\\Users\\allan gaiteiro\\GitHub\\tbn-web\\functions\\node_modules\\firebase-admin\\lib\\index.js"}} {"metadata":{"emulator":{"name":"functions"},"message":"[runtime-status] [4448] firebase-admin has been stubbed. {\"adminResolution\":{\"declared\":true,\"installed\":true,\"version\":\"9.12.0\",\"resolution\":\"C:\\\\Users\\\\allan gaiteiro\\\\GitHub\\\\tbn-web\\\\functions\\\\node_modules\\\\firebase-admin\\\\lib\\\\index.js\"}}"}}
[info] +  functions[us-central1-helloWorld]: http function initialized (http://localhost:5001/tbn-staging/us-central1/helloWorld). {"metadata":{"emulator":{"name":"functions"},"message":"\u001b[1mhttp\u001b[22m function initialized (http://localhost:5001/tbn-staging/us-central1/helloWorld)."}}
[info] 
┌─────────────────────────────────────────────────────────────┐
│ ✔  All emulators ready! It is now safe to connect your app. │
│ i  View Emulator UI at http://localhost:4000                │
└─────────────────────────────────────────────────────────────┘

┌───────────┬────────────────┬─────────────────────────────────┐
│ Emulator  │ Host:Port      │ View in Emulator UI             │
├───────────┼────────────────┼─────────────────────────────────┤
│ Functions │ localhost:5001 │ http://localhost:4000/functions │
└───────────┴────────────────┴─────────────────────────────────┘
  Emulator Hub running at localhost:4400
  Other reserved ports: 4500

Issues? Report them at https://github.com/firebase/firebase-tools/issues and attach the *-debug.log files.
 
[debug] [2021-12-25T18:09:24.945Z] [worker-~diagnostic~-e3a55272-f182-44ae-8d8f-ff6e235fa7d7]: IDLE {"metadata":{"emulator":{"name":"functions"},"message":"[worker-~diagnostic~-e3a55272-f182-44ae-8d8f-ff6e235fa7d7]: IDLE"}}
